[2019-05-10 17:51:06 +0800] [11935] [INFO] Starting gunicorn 19.9.0
[2019-05-10 17:51:06 +0800] [11935] [INFO] Listening at: http://0.0.0.0:8002 (11935)
[2019-05-10 17:51:06 +0800] [11935] [INFO] Using worker: geventwebsocket.gunicorn.workers.GeventWebSocketWorker
[2019-05-10 17:51:06 +0800] [11938] [INFO] Booting worker with pid: 11938
[2019-05-10 17:51:06 +0800] [11938] [ERROR] Exception in worker process
Traceback (most recent call last):
  File "/www/wwwroot/yaoling-web/yaoling-web_venv/lib/python3.7/site-packages/gunicorn/arbiter.py", line 583, in spawn_worker
    worker.init_process()
  File "/www/wwwroot/yaoling-web/yaoling-web_venv/lib/python3.7/site-packages/gunicorn/workers/ggevent.py", line 203, in init_process
    super(GeventWorker, self).init_process()
  File "/www/wwwroot/yaoling-web/yaoling-web_venv/lib/python3.7/site-packages/gunicorn/workers/base.py", line 129, in init_process
    self.load_wsgi()
  File "/www/wwwroot/yaoling-web/yaoling-web_venv/lib/python3.7/site-packages/gunicorn/workers/base.py", line 138, in load_wsgi
    self.wsgi = self.app.wsgi()
  File "/www/wwwroot/yaoling-web/yaoling-web_venv/lib/python3.7/site-packages/gunicorn/app/base.py", line 67, in wsgi
    self.callable = self.load()
  File "/www/wwwroot/yaoling-web/yaoling-web_venv/lib/python3.7/site-packages/gunicorn/app/wsgiapp.py", line 52, in load
    return self.load_wsgiapp()
  File "/www/wwwroot/yaoling-web/yaoling-web_venv/lib/python3.7/site-packages/gunicorn/app/wsgiapp.py", line 41, in load_wsgiapp
    return util.import_app(self.app_uri)
  File "/www/wwwroot/yaoling-web/yaoling-web_venv/lib/python3.7/site-packages/gunicorn/util.py", line 350, in import_app
    __import__(module)
ModuleNotFoundError: No module named 'yaoling-web'
[2019-05-10 17:51:06 +0800] [11938] [INFO] Worker exiting (pid: 11938)
[2019-05-10 17:51:06 +0800] [11935] [INFO] Shutting down: Master
[2019-05-10 17:51:06 +0800] [11935] [INFO] Reason: Worker failed to boot.
[2019-05-10 17:51:07 +0800] [11946] [INFO] Starting gunicorn 19.9.0
[2019-05-10 17:51:07 +0800] [11946] [INFO] Listening at: http://0.0.0.0:8002 (11946)
[2019-05-10 17:51:07 +0800] [11946] [INFO] Using worker: geventwebsocket.gunicorn.workers.GeventWebSocketWorker
[2019-05-10 17:51:07 +0800] [11951] [INFO] Booting worker with pid: 11951
[2019-05-10 17:51:07 +0800] [11951] [ERROR] Exception in worker process
Traceback (most recent call last):
  File "/www/wwwroot/yaoling-web/yaoling-web_venv/lib/python3.7/site-packages/gunicorn/arbiter.py", line 583, in spawn_worker
    worker.init_process()
  File "/www/wwwroot/yaoling-web/yaoling-web_venv/lib/python3.7/site-packages/gunicorn/workers/ggevent.py", line 203, in init_process
    super(GeventWorker, self).init_process()
  File "/www/wwwroot/yaoling-web/yaoling-web_venv/lib/python3.7/site-packages/gunicorn/workers/base.py", line 129, in init_process
    self.load_wsgi()
  File "/www/wwwroot/yaoling-web/yaoling-web_venv/lib/python3.7/site-packages/gunicorn/workers/base.py", line 138, in load_wsgi
    self.wsgi = self.app.wsgi()
  File "/www/wwwroot/yaoling-web/yaoling-web_venv/lib/python3.7/site-packages/gunicorn/app/base.py", line 67, in wsgi
    self.callable = self.load()
  File "/www/wwwroot/yaoling-web/yaoling-web_venv/lib/python3.7/site-packages/gunicorn/app/wsgiapp.py", line 52, in load
    return self.load_wsgiapp()
  File "/www/wwwroot/yaoling-web/yaoling-web_venv/lib/python3.7/site-packages/gunicorn/app/wsgiapp.py", line 41, in load_wsgiapp
    return util.import_app(self.app_uri)
  File "/www/wwwroot/yaoling-web/yaoling-web_venv/lib/python3.7/site-packages/gunicorn/util.py", line 350, in import_app
    __import__(module)
ModuleNotFoundError: No module named 'yaoling-web'
[2019-05-10 17:51:07 +0800] [11951] [INFO] Worker exiting (pid: 11951)
[2019-05-10 17:51:07 +0800] [11946] [INFO] Shutting down: Master
[2019-05-10 17:51:07 +0800] [11946] [INFO] Reason: Worker failed to boot.
[2019-05-10 17:51:08 +0800] [11953] [INFO] Starting gunicorn 19.9.0
[2019-05-10 17:51:08 +0800] [11953] [INFO] Listening at: http://0.0.0.0:8002 (11953)
[2019-05-10 17:51:08 +0800] [11953] [INFO] Using worker: geventwebsocket.gunicorn.workers.GeventWebSocketWorker
[2019-05-10 17:51:08 +0800] [11956] [INFO] Booting worker with pid: 11956
[2019-05-10 17:51:08 +0800] [11956] [ERROR] Exception in worker process
Traceback (most recent call last):
  File "/www/wwwroot/yaoling-web/yaoling-web_venv/lib/python3.7/site-packages/gunicorn/arbiter.py", line 583, in spawn_worker
    worker.init_process()
  File "/www/wwwroot/yaoling-web/yaoling-web_venv/lib/python3.7/site-packages/gunicorn/workers/ggevent.py", line 203, in init_process
    super(GeventWorker, self).init_process()
  File "/www/wwwroot/yaoling-web/yaoling-web_venv/lib/python3.7/site-packages/gunicorn/workers/base.py", line 129, in init_process
    self.load_wsgi()
  File "/www/wwwroot/yaoling-web/yaoling-web_venv/lib/python3.7/site-packages/gunicorn/workers/base.py", line 138, in load_wsgi
    self.wsgi = self.app.wsgi()
  File "/www/wwwroot/yaoling-web/yaoling-web_venv/lib/python3.7/site-packages/gunicorn/app/base.py", line 67, in wsgi
    self.callable = self.load()
  File "/www/wwwroot/yaoling-web/yaoling-web_venv/lib/python3.7/site-packages/gunicorn/app/wsgiapp.py", line 52, in load
    return self.load_wsgiapp()
  File "/www/wwwroot/yaoling-web/yaoling-web_venv/lib/python3.7/site-packages/gunicorn/app/wsgiapp.py", line 41, in load_wsgiapp
    return util.import_app(self.app_uri)
  File "/www/wwwroot/yaoling-web/yaoling-web_venv/lib/python3.7/site-packages/gunicorn/util.py", line 350, in import_app
    __import__(module)
ModuleNotFoundError: No module named 'yaoling-web'
[2019-05-10 17:51:08 +0800] [11956] [INFO] Worker exiting (pid: 11956)
[2019-05-10 17:51:08 +0800] [11953] [INFO] Shutting down: Master
[2019-05-10 17:51:08 +0800] [11953] [INFO] Reason: Worker failed to boot.
[2019-05-10 17:51:09 +0800] [11964] [INFO] Starting gunicorn 19.9.0
[2019-05-10 17:51:09 +0800] [11964] [INFO] Listening at: http://0.0.0.0:8002 (11964)
[2019-05-10 17:51:09 +0800] [11964] [INFO] Using worker: geventwebsocket.gunicorn.workers.GeventWebSocketWorker
[2019-05-10 17:51:09 +0800] [11971] [INFO] Booting worker with pid: 11971
[2019-05-10 17:51:09 +0800] [11971] [ERROR] Exception in worker process
Traceback (most recent call last):
  File "/www/wwwroot/yaoling-web/yaoling-web_venv/lib/python3.7/site-packages/gunicorn/arbiter.py", line 583, in spawn_worker
    worker.init_process()
  File "/www/wwwroot/yaoling-web/yaoling-web_venv/lib/python3.7/site-packages/gunicorn/workers/ggevent.py", line 203, in init_process
    super(GeventWorker, self).init_process()
  File "/www/wwwroot/yaoling-web/yaoling-web_venv/lib/python3.7/site-packages/gunicorn/workers/base.py", line 129, in init_process
    self.load_wsgi()
  File "/www/wwwroot/yaoling-web/yaoling-web_venv/lib/python3.7/site-packages/gunicorn/workers/base.py", line 138, in load_wsgi
    self.wsgi = self.app.wsgi()
  File "/www/wwwroot/yaoling-web/yaoling-web_venv/lib/python3.7/site-packages/gunicorn/app/base.py", line 67, in wsgi
    self.callable = self.load()
  File "/www/wwwroot/yaoling-web/yaoling-web_venv/lib/python3.7/site-packages/gunicorn/app/wsgiapp.py", line 52, in load
    return self.load_wsgiapp()
  File "/www/wwwroot/yaoling-web/yaoling-web_venv/lib/python3.7/site-packages/gunicorn/app/wsgiapp.py", line 41, in load_wsgiapp
    return util.import_app(self.app_uri)
  File "/www/wwwroot/yaoling-web/yaoling-web_venv/lib/python3.7/site-packages/gunicorn/util.py", line 350, in import_app
    __import__(module)
ModuleNotFoundError: No module named 'yaoling-web'
[2019-05-10 17:51:09 +0800] [11971] [INFO] Worker exiting (pid: 11971)
[2019-05-10 17:51:09 +0800] [11964] [INFO] Shutting down: Master
[2019-05-10 17:51:09 +0800] [11964] [INFO] Reason: Worker failed to boot.
[2019-05-10 17:55:50 +0800] [12237] [INFO] Starting gunicorn 19.9.0
[2019-05-10 17:55:50 +0800] [12237] [INFO] Listening at: http://0.0.0.0:8002 (12237)
[2019-05-10 17:55:50 +0800] [12237] [INFO] Using worker: geventwebsocket.gunicorn.workers.GeventWebSocketWorker
[2019-05-10 17:55:50 +0800] [12240] [INFO] Booting worker with pid: 12240
[2019-05-10 17:55:50 +0800] [12240] [ERROR] Exception in worker process
Traceback (most recent call last):
  File "/www/wwwroot/yaoling-web/yaoling-web_venv/lib/python3.7/site-packages/gunicorn/arbiter.py", line 583, in spawn_worker
    worker.init_process()
  File "/www/wwwroot/yaoling-web/yaoling-web_venv/lib/python3.7/site-packages/gunicorn/workers/ggevent.py", line 203, in init_process
    super(GeventWorker, self).init_process()
  File "/www/wwwroot/yaoling-web/yaoling-web_venv/lib/python3.7/site-packages/gunicorn/workers/base.py", line 129, in init_process
    self.load_wsgi()
  File "/www/wwwroot/yaoling-web/yaoling-web_venv/lib/python3.7/site-packages/gunicorn/workers/base.py", line 138, in load_wsgi
    self.wsgi = self.app.wsgi()
  File "/www/wwwroot/yaoling-web/yaoling-web_venv/lib/python3.7/site-packages/gunicorn/app/base.py", line 67, in wsgi
    self.callable = self.load()
  File "/www/wwwroot/yaoling-web/yaoling-web_venv/lib/python3.7/site-packages/gunicorn/app/wsgiapp.py", line 52, in load
    return self.load_wsgiapp()
  File "/www/wwwroot/yaoling-web/yaoling-web_venv/lib/python3.7/site-packages/gunicorn/app/wsgiapp.py", line 41, in load_wsgiapp
    return util.import_app(self.app_uri)
  File "/www/wwwroot/yaoling-web/yaoling-web_venv/lib/python3.7/site-packages/gunicorn/util.py", line 350, in import_app
    __import__(module)
ModuleNotFoundError: No module named 'yaoling-web'
[2019-05-10 17:55:50 +0800] [12240] [INFO] Worker exiting (pid: 12240)
[2019-05-10 17:55:50 +0800] [12237] [INFO] Shutting down: Master
[2019-05-10 17:55:50 +0800] [12237] [INFO] Reason: Worker failed to boot.
[2019-05-10 17:55:53 +0800] [12249] [INFO] Starting gunicorn 19.9.0
[2019-05-10 17:55:53 +0800] [12249] [INFO] Listening at: http://0.0.0.0:8002 (12249)
[2019-05-10 17:55:53 +0800] [12249] [INFO] Using worker: geventwebsocket.gunicorn.workers.GeventWebSocketWorker
[2019-05-10 17:55:53 +0800] [12256] [INFO] Booting worker with pid: 12256
[2019-05-10 17:55:53 +0800] [12256] [ERROR] Exception in worker process
Traceback (most recent call last):
  File "/www/wwwroot/yaoling-web/yaoling-web_venv/lib/python3.7/site-packages/gunicorn/arbiter.py", line 583, in spawn_worker
    worker.init_process()
  File "/www/wwwroot/yaoling-web/yaoling-web_venv/lib/python3.7/site-packages/gunicorn/workers/ggevent.py", line 203, in init_process
    super(GeventWorker, self).init_process()
  File "/www/wwwroot/yaoling-web/yaoling-web_venv/lib/python3.7/site-packages/gunicorn/workers/base.py", line 129, in init_process
    self.load_wsgi()
  File "/www/wwwroot/yaoling-web/yaoling-web_venv/lib/python3.7/site-packages/gunicorn/workers/base.py", line 138, in load_wsgi
    self.wsgi = self.app.wsgi()
  File "/www/wwwroot/yaoling-web/yaoling-web_venv/lib/python3.7/site-packages/gunicorn/app/base.py", line 67, in wsgi
    self.callable = self.load()
  File "/www/wwwroot/yaoling-web/yaoling-web_venv/lib/python3.7/site-packages/gunicorn/app/wsgiapp.py", line 52, in load
    return self.load_wsgiapp()
  File "/www/wwwroot/yaoling-web/yaoling-web_venv/lib/python3.7/site-packages/gunicorn/app/wsgiapp.py", line 41, in load_wsgiapp
    return util.import_app(self.app_uri)
  File "/www/wwwroot/yaoling-web/yaoling-web_venv/lib/python3.7/site-packages/gunicorn/util.py", line 350, in import_app
    __import__(module)
ModuleNotFoundError: No module named 'yaoling-web'
[2019-05-10 17:55:53 +0800] [12256] [INFO] Worker exiting (pid: 12256)
[2019-05-10 17:55:53 +0800] [12249] [INFO] Shutting down: Master
[2019-05-10 17:55:53 +0800] [12249] [INFO] Reason: Worker failed to boot.
[2019-05-10 18:00:13 +0800] [13019] [INFO] Starting gunicorn 19.9.0
[2019-05-10 18:00:13 +0800] [13019] [INFO] Listening at: http://0.0.0.0:8000 (13019)
[2019-05-10 18:00:13 +0800] [13019] [INFO] Using worker: geventwebsocket.gunicorn.workers.GeventWebSocketWorker
[2019-05-10 18:00:13 +0800] [13023] [INFO] Booting worker with pid: 13023
[2019-05-10 18:00:14 +0800] [13032] [INFO] Starting gunicorn 19.9.0
[2019-05-10 18:14:54 +0800] [14100] [INFO] Starting gunicorn 19.9.0
[2019-05-10 18:14:54 +0800] [14100] [INFO] Listening at: http://0.0.0.0:8000 (14100)
[2019-05-10 18:14:54 +0800] [14100] [INFO] Using worker: geventwebsocket.gunicorn.workers.GeventWebSocketWorker
[2019-05-10 18:14:54 +0800] [14103] [INFO] Booting worker with pid: 14103
[2019-05-10 18:18:22 +0800] [14435] [INFO] Starting gunicorn 19.9.0
[2019-05-10 18:18:22 +0800] [14435] [INFO] Listening at: http://0.0.0.0:8000 (14435)
[2019-05-10 18:18:22 +0800] [14435] [INFO] Using worker: geventwebsocket.gunicorn.workers.GeventWebSocketWorker
[2019-05-10 18:18:22 +0800] [14438] [INFO] Booting worker with pid: 14438
[2019-05-10 18:19:08 +0800] [14563] [INFO] Starting gunicorn 19.9.0
[2019-05-10 18:19:08 +0800] [14563] [INFO] Listening at: http://0.0.0.0:8000 (14563)
[2019-05-10 18:19:08 +0800] [14563] [INFO] Using worker: geventwebsocket.gunicorn.workers.GeventWebSocketWorker
[2019-05-10 18:19:08 +0800] [14566] [INFO] Booting worker with pid: 14566
[2019-05-10 18:26:24 +0800] [15409] [INFO] Starting gunicorn 19.9.0
[2019-05-10 18:26:24 +0800] [15409] [INFO] Listening at: http://0.0.0.0:8000 (15409)
[2019-05-10 18:26:24 +0800] [15409] [INFO] Using worker: geventwebsocket.gunicorn.workers.GeventWebSocketWorker
[2019-05-10 18:26:24 +0800] [15412] [INFO] Booting worker with pid: 15412
[2019-05-10 18:26:26 +0800] [15422] [INFO] Starting gunicorn 19.9.0
[2019-05-10 18:29:19 +0800] [16021] [INFO] Starting gunicorn 19.9.0
[2019-05-10 18:29:19 +0800] [16021] [INFO] Listening at: http://0.0.0.0:8000 (16021)
[2019-05-10 18:29:19 +0800] [16021] [INFO] Using worker: geventwebsocket.gunicorn.workers.GeventWebSocketWorker
[2019-05-10 18:29:19 +0800] [16024] [INFO] Booting worker with pid: 16024
[2019-05-10 18:29:19 +0800] [16024] [ERROR] Exception in worker process
Traceback (most recent call last):
  File "/www/wwwroot/python/yaoling/yaoling_venv/lib/python3.7/site-packages/gunicorn/arbiter.py", line 583, in spawn_worker
    worker.init_process()
  File "/www/wwwroot/python/yaoling/yaoling_venv/lib/python3.7/site-packages/gunicorn/workers/ggevent.py", line 203, in init_process
    super(GeventWorker, self).init_process()
  File "/www/wwwroot/python/yaoling/yaoling_venv/lib/python3.7/site-packages/gunicorn/workers/base.py", line 129, in init_process
    self.load_wsgi()
  File "/www/wwwroot/python/yaoling/yaoling_venv/lib/python3.7/site-packages/gunicorn/workers/base.py", line 138, in load_wsgi
    self.wsgi = self.app.wsgi()
  File "/www/wwwroot/python/yaoling/yaoling_venv/lib/python3.7/site-packages/gunicorn/app/base.py", line 67, in wsgi
    self.callable = self.load()
  File "/www/wwwroot/python/yaoling/yaoling_venv/lib/python3.7/site-packages/gunicorn/app/wsgiapp.py", line 52, in load
    return self.load_wsgiapp()
  File "/www/wwwroot/python/yaoling/yaoling_venv/lib/python3.7/site-packages/gunicorn/app/wsgiapp.py", line 41, in load_wsgiapp
    return util.import_app(self.app_uri)
  File "/www/wwwroot/python/yaoling/yaoling_venv/lib/python3.7/site-packages/gunicorn/util.py", line 350, in import_app
    __import__(module)
ModuleNotFoundError: No module named 'manage.wsgi'; 'manage' is not a package
[2019-05-10 18:29:19 +0800] [16024] [INFO] Worker exiting (pid: 16024)
[2019-05-10 18:29:19 +0800] [16021] [INFO] Shutting down: Master
[2019-05-10 18:29:19 +0800] [16021] [INFO] Reason: Worker failed to boot.
[2019-05-10 18:29:20 +0800] [16033] [INFO] Starting gunicorn 19.9.0
[2019-05-10 18:29:20 +0800] [16033] [INFO] Listening at: http://0.0.0.0:8000 (16033)
[2019-05-10 18:29:20 +0800] [16033] [INFO] Using worker: geventwebsocket.gunicorn.workers.GeventWebSocketWorker
[2019-05-10 18:29:20 +0800] [16038] [INFO] Booting worker with pid: 16038
[2019-05-10 18:29:20 +0800] [16038] [INFO] Worker exiting (pid: 16038)
[2019-05-10 18:29:20 +0800] [16033] [INFO] Shutting down: Master
[2019-05-10 18:29:20 +0800] [16033] [INFO] Reason: App failed to load.
[2019-05-10 18:29:21 +0800] [16040] [INFO] Starting gunicorn 19.9.0
[2019-05-10 18:29:21 +0800] [16040] [INFO] Listening at: http://0.0.0.0:8000 (16040)
[2019-05-10 18:29:21 +0800] [16040] [INFO] Using worker: geventwebsocket.gunicorn.workers.GeventWebSocketWorker
[2019-05-10 18:29:21 +0800] [16043] [INFO] Booting worker with pid: 16043
[2019-05-10 18:29:21 +0800] [16043] [INFO] Worker exiting (pid: 16043)
[2019-05-10 18:29:21 +0800] [16040] [INFO] Shutting down: Master
[2019-05-10 18:29:21 +0800] [16040] [INFO] Reason: App failed to load.
[2019-05-10 18:29:22 +0800] [16051] [INFO] Starting gunicorn 19.9.0
[2019-05-10 18:29:22 +0800] [16051] [INFO] Listening at: http://0.0.0.0:8000 (16051)
[2019-05-10 18:29:22 +0800] [16051] [INFO] Using worker: geventwebsocket.gunicorn.workers.GeventWebSocketWorker
[2019-05-10 18:29:22 +0800] [16058] [INFO] Booting worker with pid: 16058
[2019-05-10 18:29:22 +0800] [16058] [INFO] Worker exiting (pid: 16058)
[2019-05-10 18:29:22 +0800] [16051] [INFO] Shutting down: Master
[2019-05-10 18:29:22 +0800] [16051] [INFO] Reason: App failed to load.
[2019-05-10 18:30:25 +0800] [16155] [INFO] Starting gunicorn 19.9.0
[2019-05-10 18:30:25 +0800] [16155] [INFO] Listening at: http://0.0.0.0:8000 (16155)
[2019-05-10 18:30:25 +0800] [16155] [INFO] Using worker: geventwebsocket.gunicorn.workers.GeventWebSocketWorker
[2019-05-10 18:30:25 +0800] [16159] [INFO] Booting worker with pid: 16159
[2019-05-10 18:30:25 +0800] [16159] [ERROR] Exception in worker process
Traceback (most recent call last):
  File "/www/wwwroot/python/yaoling/yaoling_venv/lib/python3.7/site-packages/gunicorn/arbiter.py", line 583, in spawn_worker
    worker.init_process()
  File "/www/wwwroot/python/yaoling/yaoling_venv/lib/python3.7/site-packages/gunicorn/workers/ggevent.py", line 203, in init_process
    super(GeventWorker, self).init_process()
  File "/www/wwwroot/python/yaoling/yaoling_venv/lib/python3.7/site-packages/gunicorn/workers/base.py", line 129, in init_process
    self.load_wsgi()
  File "/www/wwwroot/python/yaoling/yaoling_venv/lib/python3.7/site-packages/gunicorn/workers/base.py", line 138, in load_wsgi
    self.wsgi = self.app.wsgi()
  File "/www/wwwroot/python/yaoling/yaoling_venv/lib/python3.7/site-packages/gunicorn/app/base.py", line 67, in wsgi
    self.callable = self.load()
  File "/www/wwwroot/python/yaoling/yaoling_venv/lib/python3.7/site-packages/gunicorn/app/wsgiapp.py", line 52, in load
    return self.load_wsgiapp()
  File "/www/wwwroot/python/yaoling/yaoling_venv/lib/python3.7/site-packages/gunicorn/app/wsgiapp.py", line 41, in load_wsgiapp
    return util.import_app(self.app_uri)
  File "/www/wwwroot/python/yaoling/yaoling_venv/lib/python3.7/site-packages/gunicorn/util.py", line 350, in import_app
    __import__(module)
ModuleNotFoundError: No module named 'manage.wsgi'; 'manage' is not a package
[2019-05-10 18:30:25 +0800] [16159] [INFO] Worker exiting (pid: 16159)
[2019-05-10 18:30:25 +0800] [16155] [INFO] Shutting down: Master
[2019-05-10 18:30:25 +0800] [16155] [INFO] Reason: Worker failed to boot.
[2019-05-10 18:30:27 +0800] [16168] [INFO] Starting gunicorn 19.9.0
[2019-05-10 18:30:27 +0800] [16168] [INFO] Listening at: http://0.0.0.0:8000 (16168)
[2019-05-10 18:30:27 +0800] [16168] [INFO] Using worker: geventwebsocket.gunicorn.workers.GeventWebSocketWorker
[2019-05-10 18:30:27 +0800] [16175] [INFO] Booting worker with pid: 16175
[2019-05-10 18:30:27 +0800] [16175] [INFO] Worker exiting (pid: 16175)
[2019-05-10 18:30:27 +0800] [16168] [INFO] Shutting down: Master
[2019-05-10 18:30:27 +0800] [16168] [INFO] Reason: App failed to load.
[2019-05-10 18:34:47 +0800] [16805] [INFO] Starting gunicorn 19.9.0
[2019-05-10 18:34:47 +0800] [16805] [INFO] Listening at: http://0.0.0.0:8000 (16805)
[2019-05-10 18:34:47 +0800] [16805] [INFO] Using worker: geventwebsocket.gunicorn.workers.GeventWebSocketWorker
[2019-05-10 18:34:47 +0800] [16808] [INFO] Booting worker with pid: 16808
[2019-05-10 18:34:49 +0800] [16818] [INFO] Starting gunicorn 19.9.0
[2019-05-10 18:51:42 +0800] [17921] [INFO] Starting gunicorn 19.9.0
[2019-05-10 18:51:42 +0800] [17921] [INFO] Listening at: http://0.0.0.0:8000 (17921)
[2019-05-10 18:51:42 +0800] [17921] [INFO] Using worker: geventwebsocket.gunicorn.workers.GeventWebSocketWorker
[2019-05-10 18:51:42 +0800] [17924] [INFO] Booting worker with pid: 17924
[2019-05-10 18:53:15 +0800] [18086] [INFO] Starting gunicorn 19.9.0
[2019-05-10 18:53:15 +0800] [18086] [INFO] Listening at: http://0.0.0.0:8000 (18086)
[2019-05-10 18:53:15 +0800] [18086] [INFO] Using worker: geventwebsocket.gunicorn.workers.GeventWebSocketWorker
[2019-05-10 18:53:15 +0800] [18089] [INFO] Booting worker with pid: 18089
[2019-05-10 18:54:17 +0800] [18226] [INFO] Starting gunicorn 19.9.0
[2019-05-10 18:54:17 +0800] [18226] [INFO] Listening at: http://0.0.0.0:8000 (18226)
[2019-05-10 18:54:17 +0800] [18226] [INFO] Using worker: geventwebsocket.gunicorn.workers.GeventWebSocketWorker
[2019-05-10 18:54:17 +0800] [18229] [INFO] Booting worker with pid: 18229
[2019-05-10 19:05:16 +0800] [19325] [INFO] Starting gunicorn 19.9.0
[2019-05-10 19:05:16 +0800] [19325] [INFO] Listening at: http://0.0.0.0:8000 (19325)
[2019-05-10 19:05:16 +0800] [19325] [INFO] Using worker: geventwebsocket.gunicorn.workers.GeventWebSocketWorker
[2019-05-10 19:05:16 +0800] [19328] [INFO] Booting worker with pid: 19328
[2019-05-10 19:05:17 +0800] [19338] [INFO] Starting gunicorn 19.9.0
[2019-05-10 19:31:11 +0800] [29739] [INFO] Starting gunicorn 19.9.0
[2019-05-10 19:31:11 +0800] [29739] [INFO] Listening at: http://0.0.0.0:8000 (29739)
[2019-05-10 19:31:11 +0800] [29739] [INFO] Using worker: geventwebsocket.gunicorn.workers.GeventWebSocketWorker
[2019-05-10 19:31:11 +0800] [29749] [INFO] Booting worker with pid: 29749
[2019-05-10 19:31:13 +0800] [29795] [INFO] Starting gunicorn 19.9.0
[2019-05-10 21:33:11 +0800] [16202] [INFO] Starting gunicorn 19.9.0
[2019-05-10 21:33:11 +0800] [16202] [INFO] Listening at: http://0.0.0.0:8000 (16202)
[2019-05-10 21:33:11 +0800] [16202] [INFO] Using worker: geventwebsocket.gunicorn.workers.GeventWebSocketWorker
[2019-05-10 21:33:11 +0800] [16205] [INFO] Booting worker with pid: 16205
[2019-05-10 21:33:12 +0800] [16214] [INFO] Starting gunicorn 19.9.0
[2019-05-10 21:40:16 +0800] [16662] [INFO] Starting gunicorn 19.9.0
[2019-05-10 21:40:16 +0800] [16662] [INFO] Listening at: http://0.0.0.0:8000 (16662)
[2019-05-10 21:40:16 +0800] [16662] [INFO] Using worker: geventwebsocket.gunicorn.workers.GeventWebSocketWorker
[2019-05-10 21:40:16 +0800] [16665] [INFO] Booting worker with pid: 16665
[2019-05-10 21:41:14 +0800] [16802] [INFO] Starting gunicorn 19.9.0
[2019-05-10 21:41:14 +0800] [16802] [INFO] Listening at: http://0.0.0.0:8000 (16802)
[2019-05-10 21:41:14 +0800] [16802] [INFO] Using worker: geventwebsocket.gunicorn.workers.GeventWebSocketWorker
[2019-05-10 21:41:14 +0800] [16805] [INFO] Booting worker with pid: 16805
[2019-05-10 21:57:40 +0800] [17788] [INFO] Starting gunicorn 19.9.0
[2019-05-10 21:57:40 +0800] [17788] [INFO] Listening at: http://0.0.0.0:8000 (17788)
[2019-05-10 21:57:40 +0800] [17788] [INFO] Using worker: geventwebsocket.gunicorn.workers.GeventWebSocketWorker
[2019-05-10 21:57:40 +0800] [17792] [INFO] Booting worker with pid: 17792
[2019-05-10 22:13:00 +0800] [18682] [INFO] Starting gunicorn 19.9.0
[2019-05-10 22:13:00 +0800] [18682] [INFO] Listening at: http://0.0.0.0:8000 (18682)
[2019-05-10 22:13:00 +0800] [18682] [INFO] Using worker: geventwebsocket.gunicorn.workers.GeventWebSocketWorker
[2019-05-10 22:13:00 +0800] [18686] [INFO] Booting worker with pid: 18686
[2019-05-10 22:31:27 +0800] [19698] [INFO] Starting gunicorn 19.9.0
[2019-05-10 22:31:27 +0800] [19698] [INFO] Listening at: http://0.0.0.0:8000 (19698)
[2019-05-10 22:31:27 +0800] [19698] [INFO] Using worker: geventwebsocket.gunicorn.workers.GeventWebSocketWorker
[2019-05-10 22:31:27 +0800] [19701] [INFO] Booting worker with pid: 19701
[2019-05-10 22:33:52 +0800] [19906] [INFO] Starting gunicorn 19.9.0
[2019-05-10 22:33:52 +0800] [19906] [INFO] Listening at: http://0.0.0.0:8000 (19906)
[2019-05-10 22:33:52 +0800] [19906] [INFO] Using worker: geventwebsocket.gunicorn.workers.GeventWebSocketWorker
[2019-05-10 22:33:52 +0800] [19909] [INFO] Booting worker with pid: 19909
[2019-05-10 22:49:38 +0800] [20908] [INFO] Starting gunicorn 19.9.0
[2019-05-10 22:49:38 +0800] [20908] [INFO] Listening at: http://0.0.0.0:8000 (20908)
[2019-05-10 22:49:38 +0800] [20908] [INFO] Using worker: geventwebsocket.gunicorn.workers.GeventWebSocketWorker
[2019-05-10 22:49:38 +0800] [20911] [INFO] Booting worker with pid: 20911
[2019-05-11 13:23:52 +0800] [9254] [INFO] Starting gunicorn 19.9.0
[2019-05-11 13:23:52 +0800] [9254] [INFO] Listening at: http://0.0.0.0:8000 (9254)
[2019-05-11 13:23:52 +0800] [9254] [INFO] Using worker: geventwebsocket.gunicorn.workers.GeventWebSocketWorker
[2019-05-11 13:23:52 +0800] [9257] [INFO] Booting worker with pid: 9257
[2019-05-11 13:25:39 +0800] [9434] [INFO] Starting gunicorn 19.9.0
[2019-05-11 13:25:39 +0800] [9434] [INFO] Listening at: http://0.0.0.0:8000 (9434)
[2019-05-11 13:25:39 +0800] [9434] [INFO] Using worker: geventwebsocket.gunicorn.workers.GeventWebSocketWorker
[2019-05-11 13:25:39 +0800] [9437] [INFO] Booting worker with pid: 9437
[2019-05-11 13:26:16 +0800] [9554] [INFO] Starting gunicorn 19.9.0
[2019-05-11 13:26:16 +0800] [9554] [INFO] Listening at: http://0.0.0.0:8000 (9554)
[2019-05-11 13:26:16 +0800] [9554] [INFO] Using worker: geventwebsocket.gunicorn.workers.GeventWebSocketWorker
[2019-05-11 13:26:16 +0800] [9557] [INFO] Booting worker with pid: 9557
[2019-05-11 18:04:47 +0800] [24356] [INFO] Starting gunicorn 19.9.0
[2019-05-11 18:04:47 +0800] [24356] [INFO] Listening at: http://0.0.0.0:8000 (24356)
[2019-05-11 18:04:47 +0800] [24356] [INFO] Using worker: geventwebsocket.gunicorn.workers.GeventWebSocketWorker
[2019-05-11 18:04:47 +0800] [24359] [INFO] Booting worker with pid: 24359
[2019-05-11 19:52:01 +0800] [30939] [INFO] Starting gunicorn 19.9.0
[2019-05-11 19:52:01 +0800] [30939] [INFO] Listening at: http://0.0.0.0:8000 (30939)
[2019-05-11 19:52:01 +0800] [30939] [INFO] Using worker: geventwebsocket.gunicorn.workers.GeventWebSocketWorker
[2019-05-11 19:52:01 +0800] [30942] [INFO] Booting worker with pid: 30942
[2019-05-11 19:53:09 +0800] [31131] [INFO] Starting gunicorn 19.9.0
[2019-05-11 19:53:09 +0800] [31131] [INFO] Listening at: http://0.0.0.0:8000 (31131)
[2019-05-11 19:53:09 +0800] [31131] [INFO] Using worker: geventwebsocket.gunicorn.workers.GeventWebSocketWorker
[2019-05-11 19:53:09 +0800] [31134] [INFO] Booting worker with pid: 31134
[2019-05-11 20:01:25 +0800] [32198] [INFO] Starting gunicorn 19.9.0
[2019-05-11 20:01:25 +0800] [32198] [INFO] Listening at: http://0.0.0.0:8000 (32198)
[2019-05-11 20:01:25 +0800] [32198] [INFO] Using worker: geventwebsocket.gunicorn.workers.GeventWebSocketWorker
[2019-05-11 20:01:25 +0800] [32202] [INFO] Booting worker with pid: 32202
[2019-05-11 20:01:27 +0800] [32212] [INFO] Starting gunicorn 19.9.0
